2016-02-05 17:26:26 РџРѕРјРёР»РєР° #256: `РџРѕРјРёР»РєР° РІ Р·Р°РїРёС‚С–: Table 'powertext.pwt_staff' doesn't exist` РІ С„Р°Р№Р»С– G:\Apache24\root\localhost\www\clean\lib\mysqli.lib.php, СЃС‚СЂС–С‡РєР° 24.
2016-02-06 23:22:34 РџРѕРјРёР»РєР° #256: `РџРѕРјРёР»РєР° Р·'С”РґРЅР°РЅРЅСЏ Р· Р‘Р”: Access denied for user 'root'@'localhost' (using password: YES)` РІ С„Р°Р№Р»С– W:\domains\mkh10\adm\lib\mysqli.lib.php, СЃС‚СЂС–С‡РєР° 12.
2016-02-06 23:38:24 РџРѕРјРёР»РєР° #256: `РџРѕРјРёР»РєР° РІ Р·Р°РїРёС‚С–: Table 'icd10.pages' doesn't exist` РІ С„Р°Р№Р»С– W:\domains\mkh10\adm\lib\mysqli.lib.php, СЃС‚СЂС–С‡РєР° 24.
2016-02-06 23:40:35 РџРѕРјРёР»РєР° #256: `РџРѕРјРёР»РєР° РІ Р·Р°РїРёС‚С–: Table 'icd10.pages' doesn't exist` РІ С„Р°Р№Р»С– W:\domains\mkh10\adm\lib\mysqli.lib.php, СЃС‚СЂС–С‡РєР° 24.
2016-02-06 23:44:02 РџРѕРјРёР»РєР° #256: `РџРѕРјРёР»РєР° РІ Р·Р°РїРёС‚С–: Table 'icd10.pages' doesn't exist` РІ С„Р°Р№Р»С– W:\domains\mkh10\adm\lib\mysqli.lib.php, СЃС‚СЂС–С‡РєР° 24.
2016-02-06 23:44:25 РџРѕРјРёР»РєР° #256: `РџРѕРјРёР»РєР° РІ Р·Р°РїРёС‚С–: Table 'icd10.pages' doesn't exist` РІ С„Р°Р№Р»С– W:\domains\mkh10\adm\lib\mysqli.lib.php, СЃС‚СЂС–С‡РєР° 24.
2016-02-06 23:45:02 РџРѕРјРёР»РєР° #256: `РџРѕРјРёР»РєР° РІ Р·Р°РїРёС‚С–: Table 'icd10.pages' doesn't exist` РІ С„Р°Р№Р»С– W:\domains\mkh10\adm\lib\mysqli.lib.php, СЃС‚СЂС–С‡РєР° 24.
2016-02-06 23:45:04 РџРѕРјРёР»РєР° #256: `РџРѕРјРёР»РєР° РІ Р·Р°РїРёС‚С–: Table 'icd10.pages' doesn't exist` РІ С„Р°Р№Р»С– W:\domains\mkh10\adm\lib\mysqli.lib.php, СЃС‚СЂС–С‡РєР° 24.
2016-02-06 23:45:07 РџРѕРјРёР»РєР° #256: `РџРѕРјРёР»РєР° РІ Р·Р°РїРёС‚С–: Table 'icd10.pages' doesn't exist` РІ С„Р°Р№Р»С– W:\domains\mkh10\adm\lib\mysqli.lib.php, СЃС‚СЂС–С‡РєР° 24.
2016-02-06 23:46:25 РџРѕРјРёР»РєР° #256: `РџРѕРјРёР»РєР° РІ Р·Р°РїРёС‚С–: Table 'icd10.pages' doesn't exist` РІ С„Р°Р№Р»С– W:\domains\mkh10\adm\lib\mysqli.lib.php, СЃС‚СЂС–С‡РєР° 24.
2016-02-07 04:00:20 РџРѕРјРёР»РєР° #256: `Module "icd10" not found!` РІ С„Р°Р№Р»С– W:\domains\mkh10\admin\index.php, СЃС‚СЂС–С‡РєР° 46.
2016-02-07 04:01:49 РџРѕРјРёР»РєР° #256: `Module "icd10" not found!` РІ С„Р°Р№Р»С– W:\domains\mkh10\admin\index.php, СЃС‚СЂС–С‡РєР° 46.
2016-02-07 04:02:02 РџРѕРјРёР»РєР° #256: `Module "icd10.db.mod" not found!` РІ С„Р°Р№Р»С– W:\domains\mkh10\admin\index.php, СЃС‚СЂС–С‡РєР° 46.
2016-02-07 04:02:09 РџРѕРјРёР»РєР° #256: `Module "icd10.db.mod" not found!` РІ С„Р°Р№Р»С– W:\domains\mkh10\admin\index.php, СЃС‚СЂС–С‡РєР° 46.
2016-02-07 04:02:51 РџРѕРјРёР»РєР° #256: `Module "icd10.db.mod" not found!` РІ С„Р°Р№Р»С– W:\domains\mkh10\admin\index.php, СЃС‚СЂС–С‡РєР° 46.
2016-02-07 04:05:08 РџРѕРјРёР»РєР° #256: `Module "icd10" not found!` РІ С„Р°Р№Р»С– W:\domains\mkh10\admin\index.php, СЃС‚СЂС–С‡РєР° 46.
2016-02-07 04:05:10 РџРѕРјРёР»РєР° #256: `Module "icd10" not found!` РІ С„Р°Р№Р»С– W:\domains\mkh10\admin\index.php, СЃС‚СЂС–С‡РєР° 46.
2016-02-07 04:06:32 РџРѕРјРёР»РєР° #256: `Module "icd10" not found!` РІ С„Р°Р№Р»С– W:\domains\mkh10\admin\index.php, СЃС‚СЂС–С‡РєР° 46.
2016-02-07 04:09:01 РџРѕРјРёР»РєР° #256: `Module "icd10" not found!` РІ С„Р°Р№Р»С– W:\domains\mkh10\admin\index.php, СЃС‚СЂС–С‡РєР° 46.
2016-02-07 04:10:20 РџРѕРјРёР»РєР° #256: `Module "icd10" not found!` РІ С„Р°Р№Р»С– W:\domains\mkh10\admin\index.php, СЃС‚СЂС–С‡РєР° 46.
2016-02-07 22:49:41 РџРѕРјРёР»РєР° #256: `РџРѕРјРёР»РєР° Р·'С”РґРЅР°РЅРЅСЏ Р· Р‘Р”: Подключение не установлено, т.к. конечный компьютер отверг запрос на подключение.
` РІ С„Р°Р№Р»С– W:\domains\mkh10\admin\lib\mysqli.lib.php, СЃС‚СЂС–С‡РєР° 12.
2016-02-07 22:50:44 РџРѕРјРёР»РєР° #256: `РџРѕРјРёР»РєР° Р·'С”РґРЅР°РЅРЅСЏ Р· Р‘Р”: Подключение не установлено, т.к. конечный компьютер отверг запрос на подключение.
` РІ С„Р°Р№Р»С– W:\domains\mkh10\admin\lib\mysqli.lib.php, СЃС‚СЂС–С‡РєР° 12.
